app/build/intermediates/manifest_merge_blame_file/debug/processDebugMainManifest/manifest-merger-blame-debug-report.txt
1<?xml version="1.0" encoding="utf-8"?>
2<manifest xmlns:android="http://schemas.android.com/apk/res/android"
3    package="com.weathersnap.app"
4    android:versionCode="1"
5    android:versionName="1.0" >
6
7    <uses-sdk
8        android:minSdkVersion="24"
9        android:targetSdkVersion="34" />
10
11    <uses-feature
11-->src/main/AndroidManifest.xml:4:5-6:36
12        android:name="android.hardware.camera"
12-->src/main/AndroidManifest.xml:5:9-47
13        android:required="false" />
13-->src/main/AndroidManifest.xml:6:9-33
14
15    <uses-permission android:name="android.permission.INTERNET" />
15-->src/main/AndroidManifest.xml:8:5-67
15-->src/main/AndroidManifest.xml:8:22-64
16    <uses-permission android:name="android.permission.CAMERA" />
16-->src/main/AndroidManifest.xml:9:5-65
16-->src/main/AndroidManifest.xml:9:22-62
17
18    <permission
18-->[androidx.core:core:1.12.0] AndroidManifest.xml:22:5-24:47
19        android:name="com.weathersnap.app.DYNAMIC_RECEIVER_NOT_EXPORTED_PERMISSION"
19-->[androidx.core:core:1.12.0] AndroidManifest.xml:23:9-81
20        android:protectionLevel="signature" />
20-->[androidx.core:core:1.12.0] AndroidManifest.xml:24:9-44
21
22    <uses-permission android:name="com.weathersnap.app.DYNAMIC_RECEIVER_NOT_EXPORTED_PERMISSION" />
22-->[androidx.core:core:1.12.0] AndroidManifest.xml:26:5-97
22-->[androidx.core:core:1.12.0] AndroidManifest.xml:26:22-94
23
24    <application
24-->src/main/AndroidManifest.xml:11:5-28:19
25        android:name="com.weathersnap.app.WeatherSnapApplication"
25-->src/main/AndroidManifest.xml:12:9-47
26        android:allowBackup="true"
26-->src/main/AndroidManifest.xml:13:9-35
27        android:appComponentFactory="androidx.core.app.CoreComponentFactory"
27-->[androidx.core:core:1.12.0] AndroidManifest.xml:28:18-86
28        android:debuggable="true"
29        android:extractNativeLibs="false"
30        android:icon="@drawable/ic_launcher_foreground"
30-->src/main/AndroidManifest.xml:14:9-56
31        android:label="@string/app_name"
31-->src/main/AndroidManifest.xml:15:9-41
32        android:roundIcon="@drawable/ic_launcher_foreground"
32-->src/main/AndroidManifest.xml:16:9-61
33        android:supportsRtl="true"
33-->src/main/AndroidManifest.xml:17:9-35
34        android:testOnly="true"
35        android:theme="@style/Theme.WeatherSnap" >
35-->src/main/AndroidManifest.xml:18:9-49
36        <activity
36-->src/main/AndroidManifest.xml:19:9-27:20
37            android:name="com.weathersnap.app.MainActivity"
37-->src/main/AndroidManifest.xml:20:13-41
38            android:exported="true"
38-->src/main/AndroidManifest.xml:21:13-36
39            android:theme="@style/Theme.WeatherSnap" >
39-->src/main/AndroidManifest.xml:22:13-53
40            <intent-filter>
40-->src/main/AndroidManifest.xml:23:13-26:29
41                <action android:name="android.intent.action.MAIN" />
41-->src/main/AndroidManifest.xml:24:17-69
41-->src/main/AndroidManifest.xml:24:25-66
42
43                <category android:name="android.intent.category.LAUNCHER" />
43-->src/main/AndroidManifest.xml:25:17-77
43-->src/main/AndroidManifest.xml:25:27-74
44            </intent-filter>
45        </activity>
46
47        <service
47-->[androidx.camera:camera-camera2:1.3.1] AndroidManifest.xml:24:9-33:19
48            android:name="androidx.camera.core.impl.MetadataHolderService"
48-->[androidx.camera:camera-camera2:1.3.1] AndroidManifest.xml:25:13-75
49            android:enabled="false"
49-->[androidx.camera:camera-camera2:1.3.1] AndroidManifest.xml:26:13-36
50            android:exported="false" >
50-->[androidx.camera:camera-camera2:1.3.1] AndroidManifest.xml:27:13-37
51            <meta-data
51-->[androidx.camera:camera-camera2:1.3.1] AndroidManifest.xml:30:13-32:89
52                android:name="androidx.camera.core.impl.MetadataHolderService.DEFAULT_CONFIG_PROVIDER"
52-->[androidx.camera:camera-camera2:1.3.1] AndroidManifest.xml:31:17-103
53                android:value="androidx.camera.camera2.Camera2Config$DefaultProvider" />
53-->[androidx.camera:camera-camera2:1.3.1] AndroidManifest.xml:32:17-86
54        </service>
55
56        <provider
56-->[androidx.emoji2:emoji2:1.3.0] AndroidManifest.xml:24:9-32:20
57            android:name="androidx.startup.InitializationProvider"
57-->[androidx.emoji2:emoji2:1.3.0] AndroidManifest.xml:25:13-67
58            android:authorities="com.weathersnap.app.androidx-startup"
58-->[androidx.emoji2:emoji2:1.3.0] AndroidManifest.xml:26:13-68
59            android:exported="false" >
59-->[androidx.emoji2:emoji2:1.3.0] AndroidManifest.xml:27:13-37
60            <meta-data
60-->[androidx.emoji2:emoji2:1.3.0] AndroidManifest.xml:29:13-31:52
61                android:name="androidx.emoji2.text.EmojiCompatInitializer"
61-->[androidx.emoji2:emoji2:1.3.0] AndroidManifest.xml:30:17-75
62                android:value="androidx.startup" />
62-->[androidx.emoji2:emoji2:1.3.0] AndroidManifest.xml:31:17-49
63            <meta-data
63-->[androidx.lifecycle:lifecycle-process:2.7.0] AndroidManifest.xml:29:13-31:52
64                android:name="androidx.lifecycle.ProcessLifecycleInitializer"
64-->[androidx.lifecycle:lifecycle-process:2.7.0] AndroidManifest.xml:30:17-78
65                android:value="androidx.startup" />
65-->[androidx.lifecycle:lifecycle-process:2.7.0] AndroidManifest.xml:31:17-49
66            <meta-data
66-->[androidx.profileinstaller:profileinstaller:1.3.1] AndroidManifest.xml:29:13-31:52
67                android:name="androidx.profileinstaller.ProfileInstallerInitializer"
67-->[androidx.profileinstaller:profileinstaller:1.3.1] AndroidManifest.xml:30:17-85
68                android:value="androidx.startup" />
68-->[androidx.profileinstaller:profileinstaller:1.3.1] AndroidManifest.xml:31:17-49
69        </provider>
70
71        <service
71-->[androidx.room:room-runtime:2.6.1] AndroidManifest.xml:24:9-28:63
72            android:name="androidx.room.MultiInstanceInvalidationService"
72-->[androidx.room:room-runtime:2.6.1] AndroidManifest.xml:25:13-74
73            android:directBootAware="true"
73-->[androidx.room:room-runtime:2.6.1] AndroidManifest.xml:26:13-43
74            android:exported="false" />
74-->[androidx.room:room-runtime:2.6.1] AndroidManifest.xml:27:13-37
75
76        <receiver
76-->[androidx.profileinstaller:profileinstaller:1.3.1] AndroidManifest.xml:34:9-52:20
77            android:name="androidx.profileinstaller.ProfileInstallReceiver"
77-->[androidx.profileinstaller:profileinstaller:1.3.1] AndroidManifest.xml:35:13-76
78            android:directBootAware="false"
78-->[androidx.profileinstaller:profileinstaller:1.3.1] AndroidManifest.xml:36:13-44
79            android:enabled="true"
79-->[androidx.profileinstaller:profileinstaller:1.3.1] AndroidManifest.xml:37:13-35
80            android:exported="true"
80-->[androidx.profileinstaller:profileinstaller:1.3.1] AndroidManifest.xml:38:13-36
81            android:permission="android.permission.DUMP" >
81-->[androidx.profileinstaller:profileinstaller:1.3.1] AndroidManifest.xml:39:13-57
82            <intent-filter>
82-->[androidx.profileinstaller:profileinstaller:1.3.1] AndroidManifest.xml:40:13-42:29
83                <action android:name="androidx.profileinstaller.action.INSTALL_PROFILE" />
83-->[androidx.profileinstaller:profileinstaller:1.3.1] AndroidManifest.xml:41:17-91
83-->[androidx.profileinstaller:profileinstaller:1.3.1] AndroidManifest.xml:41:25-88
84            </intent-filter>
85            <intent-filter>
85-->[androidx.profileinstaller:profileinstaller:1.3.1] AndroidManifest.xml:43:13-45:29
86                <action android:name="androidx.profileinstaller.action.SKIP_FILE" />
86-->[androidx.profileinstaller:profileinstaller:1.3.1] AndroidManifest.xml:44:17-85
86-->[androidx.profileinstaller:profileinstaller:1.3.1] AndroidManifest.xml:44:25-82
87            </intent-filter>
88            <intent-filter>
88-->[androidx.profileinstaller:profileinstaller:1.3.1] AndroidManifest.xml:46:13-48:29
89                <action android:name="androidx.profileinstaller.action.SAVE_PROFILE" />
89-->[androidx.profileinstaller:profileinstaller:1.3.1] AndroidManifest.xml:47:17-88
89-->[androidx.profileinstaller:profileinstaller:1.3.1] AndroidManifest.xml:47:25-85
90            </intent-filter>
91            <intent-filter>
91-->[androidx.profileinstaller:profileinstaller:1.3.1] AndroidManifest.xml:49:13-51:29
92                <action android:name="androidx.profileinstaller.action.BENCHMARK_OPERATION" />
92-->[androidx.profileinstaller:profileinstaller:1.3.1] AndroidManifest.xml:50:17-95
92-->[androidx.profileinstaller:profileinstaller:1.3.1] AndroidManifest.xml:50:25-92
93            </intent-filter>
94        </receiver>
95    </application>
96
97</manifest>